<?xml version="1.0" encoding="UTF-8"?>
<!-- Generated by org.testng.reporters.JUnitReportReporter -->
<testsuite hostname="NODTBSLDIVESHAG" name="newjbAutomation.interviewlanding" tests="2" failures="0" timestamp="13 Oct 2016 08:47:04 GMT" time="117.576" errors="0">
  <testcase name="GoogleplusLogin1" time="54.394" classname="newjbAutomation.interviewlanding"/>
  <testcase name="GoogleplusLogin" time="63.182" classname="newjbAutomation.interviewlanding"/>
</testsuite> <!-- newjbAutomation.interviewlanding -->
