<?xml version="1.0" encoding="UTF-8"?>
<!-- Generated by org.testng.reporters.JUnitReportReporter -->
<testsuite hostname="NODTBSLDIVESHAG" name="newjbAutomation.GplusLogin" tests="1" failures="0" timestamp="26 Sep 2016 09:51:15 GMT" time="27.854" errors="0">
  <testcase name="GoogleplusLogin" time="27.854" classname="newjbAutomation.GplusLogin"/>
</testsuite> <!-- newjbAutomation.GplusLogin -->
