<?xml version="1.0" encoding="UTF-8"?>
<!-- Generated by org.testng.reporters.JUnitReportReporter -->
<testsuite hostname="NODTBSLDIVESHAG" name="newjbAutomation.searchfunctionality" tests="4" failures="0" timestamp="13 Oct 2016 10:43:16 GMT" time="212.513" errors="0">
  <testcase name="GoogleplusLogin4" time="46.829" classname="newjbAutomation.searchfunctionality"/>
  <testcase name="GoogleplusLogin" time="52.026" classname="newjbAutomation.searchfunctionality"/>
  <testcase name="GoogleplusLogin1" time="59.375" classname="newjbAutomation.searchfunctionality"/>
  <testcase name="GoogleplusLogin3" time="54.283" classname="newjbAutomation.searchfunctionality"/>
</testsuite> <!-- newjbAutomation.searchfunctionality -->
