<?xml version="1.0" encoding="UTF-8"?>
<!-- Generated by org.testng.reporters.JUnitReportReporter -->
<testsuite hostname="NODTBSLDIVESHAG" name="newjbAutomation.FBlogin" tests="1" failures="0" timestamp="26 Sep 2016 09:50:24 GMT" time="41.726" errors="0">
  <testcase name="FBRegister" time="41.726" classname="newjbAutomation.FBlogin"/>
</testsuite> <!-- newjbAutomation.FBlogin -->
