<?xml version="1.0" encoding="UTF-8"?>
<!-- Generated by org.testng.reporters.JUnitReportReporter -->
<testsuite hostname="NODTBSLDIVESHAG" name="newjbAutomation.insightlanding" tests="2" failures="0" timestamp="29 Sep 2016 10:15:06 GMT" time="160.467" errors="0">
  <testcase name="GoogleplusLogin4" time="105.216" classname="newjbAutomation.insightlanding"/>
  <testcase name="GoogleplusLogin5" time="55.251" classname="newjbAutomation.insightlanding"/>
</testsuite> <!-- newjbAutomation.insightlanding -->
