<?xml version="1.0" encoding="UTF-8"?>
<!-- Generated by org.testng.reporters.JUnitReportReporter -->
<testsuite hostname="NODTBSLDIVESHAG" name="newjbAutomation.searchfunctionality" tests="4" failures="0" timestamp="29 Sep 2016 04:59:00 GMT" time="195.250" errors="0">
  <testcase name="GoogleplusLogin4" time="52.530" classname="newjbAutomation.searchfunctionality"/>
  <testcase name="GoogleplusLogin" time="48.084" classname="newjbAutomation.searchfunctionality"/>
  <testcase name="GoogleplusLogin1" time="48.271" classname="newjbAutomation.searchfunctionality"/>
  <testcase name="GoogleplusLogin3" time="46.365" classname="newjbAutomation.searchfunctionality"/>
</testsuite> <!-- newjbAutomation.searchfunctionality -->
